{"/home/robin/Bureau/root/code/eronn-pass-docker/eronn-pass-mailer/src/routes.ts": {"path":"/home/robin/Bureau/root/code/eronn-pass-docker/eronn-pass-mailer/src/routes.ts","statementMap":{"0":{"start":{"line":1,"column":0},"end":{"line":1,"column":58}},"1":{"start":{"line":2,"column":0},"end":{"line":2,"column":71}},"2":{"start":{"line":5,"column":23},"end":{"line":5,"column":43}},"3":{"start":{"line":6,"column":27},"end":{"line":6,"column":51}},"4":{"start":{"line":14,"column":13},"end":{"line":31,"column":2}}},"fnMap":{},"branchMap":{},"s":{"0":1,"1":1,"2":1,"3":1,"4":1},"f":{},"b":{}}
,"/home/robin/Bureau/root/code/eronn-pass-docker/eronn-pass-mailer/src/server.ts": {"path":"/home/robin/Bureau/root/code/eronn-pass-docker/eronn-pass-mailer/src/server.ts","statementMap":{"0":{"start":{"line":1,"column":0},"end":{"line":1,"column":22}},"1":{"start":{"line":2,"column":0},"end":{"line":2,"column":32}},"2":{"start":{"line":3,"column":0},"end":{"line":3,"column":40}},"3":{"start":{"line":4,"column":0},"end":{"line":4,"column":34}},"4":{"start":{"line":10,"column":8},"end":{"line":10,"column":25}},"5":{"start":{"line":19,"column":8},"end":{"line":19,"column":35}},"6":{"start":{"line":21,"column":20},"end":{"line":21,"column":29}},"7":{"start":{"line":22,"column":23},"end":{"line":22,"column":42}},"8":{"start":{"line":24,"column":8},"end":{"line":24,"column":30}},"9":{"start":{"line":25,"column":8},"end":{"line":25,"column":33}},"10":{"start":{"line":26,"column":8},"end":{"line":26,"column":41}},"11":{"start":{"line":28,"column":8},"end":{"line":28,"column":30}},"12":{"start":{"line":37,"column":23},"end":{"line":37,"column":35}},"13":{"start":{"line":38,"column":8},"end":{"line":40,"column":10}},"14":{"start":{"line":39,"column":12},"end":{"line":39,"column":58}},"15":{"start":{"line":42,"column":8},"end":{"line":42,"column":22}},"16":{"start":{"line":52,"column":8},"end":{"line":52,"column":44}},"17":{"start":{"line":6,"column":0},"end":{"line":6,"column":21}}},"fnMap":{"0":{"name":"(anonymous_1)","decl":{"start":{"line":9,"column":4},"end":{"line":9,"column":16}},"loc":{"start":{"line":9,"column":28},"end":{"line":11,"column":5}}},"1":{"name":"(anonymous_2)","decl":{"start":{"line":18,"column":4},"end":{"line":18,"column":9}},"loc":{"start":{"line":18,"column":9},"end":{"line":29,"column":5}}},"2":{"name":"(anonymous_3)","decl":{"start":{"line":36,"column":4},"end":{"line":36,"column":16}},"loc":{"start":{"line":36,"column":16},"end":{"line":43,"column":5}}},"3":{"name":"(anonymous_4)","decl":{"start":{"line":38,"column":23},"end":{"line":38,"column":24}},"loc":{"start":{"line":39,"column":12},"end":{"line":39,"column":58}}},"4":{"name":"(anonymous_5)","decl":{"start":{"line":51,"column":4},"end":{"line":51,"column":23}},"loc":{"start":{"line":51,"column":23},"end":{"line":53,"column":5}}}},"branchMap":{},"s":{"0":1,"1":1,"2":1,"3":1,"4":1,"5":0,"6":0,"7":0,"8":0,"9":0,"10":0,"11":0,"12":0,"13":0,"14":0,"15":0,"16":0,"17":1},"f":{"0":1,"1":0,"2":0,"3":0,"4":0},"b":{}}
,"/home/robin/Bureau/root/code/eronn-pass-docker/eronn-pass-mailer/src/config/email.ts": {"path":"/home/robin/Bureau/root/code/eronn-pass-docker/eronn-pass-mailer/src/config/email.ts","statementMap":{"0":{"start":{"line":1,"column":13},"end":{"line":1,"column":null}}},"fnMap":{},"branchMap":{},"s":{"0":1},"f":{},"b":{}}
,"/home/robin/Bureau/root/code/eronn-pass-docker/eronn-pass-mailer/src/config/params.ts": {"path":"/home/robin/Bureau/root/code/eronn-pass-docker/eronn-pass-mailer/src/config/params.ts","statementMap":{"0":{"start":{"line":1,"column":13},"end":{"line":1,"column":57}},"1":{"start":{"line":4,"column":13},"end":{"line":4,"column":71}}},"fnMap":{},"branchMap":{},"s":{"0":1,"1":1},"f":{},"b":{}}
,"/home/robin/Bureau/root/code/eronn-pass-docker/eronn-pass-mailer/src/config/pug.ts": {"path":"/home/robin/Bureau/root/code/eronn-pass-docker/eronn-pass-mailer/src/config/pug.ts","statementMap":{"0":{"start":{"line":1,"column":13},"end":{"line":1,"column":68}}},"fnMap":{},"branchMap":{},"s":{"0":1},"f":{},"b":{}}
,"/home/robin/Bureau/root/code/eronn-pass-docker/eronn-pass-mailer/src/config/smtp.ts": {"path":"/home/robin/Bureau/root/code/eronn-pass-docker/eronn-pass-mailer/src/config/smtp.ts","statementMap":{"0":{"start":{"line":1,"column":13},"end":{"line":1,"column":36}},"1":{"start":{"line":2,"column":13},"end":{"line":2,"column":30}},"2":{"start":{"line":3,"column":13},"end":{"line":3,"column":32}},"3":{"start":{"line":4,"column":13},"end":{"line":4,"column":32}}},"fnMap":{},"branchMap":{},"s":{"0":1,"1":1,"2":1,"3":1},"f":{},"b":{}}
,"/home/robin/Bureau/root/code/eronn-pass-docker/eronn-pass-mailer/src/controller/base.controller.ts": {"path":"/home/robin/Bureau/root/code/eronn-pass-docker/eronn-pass-mailer/src/controller/base.controller.ts","statementMap":{"0":{"start":{"line":2,"column":0},"end":{"line":2,"column":46}},"1":{"start":{"line":3,"column":0},"end":{"line":3,"column":40}},"2":{"start":{"line":4,"column":0},"end":{"line":4,"column":54}},"3":{"start":{"line":5,"column":0},"end":{"line":5,"column":47}},"4":{"start":{"line":6,"column":0},"end":{"line":6,"column":54}},"5":{"start":{"line":7,"column":0},"end":{"line":7,"column":54}},"6":{"start":{"line":11,"column":8},"end":{"line":11,"column":39}},"7":{"start":{"line":12,"column":8},"end":{"line":12,"column":46}},"8":{"start":{"line":17,"column":25},"end":{"line":17,"column":40}},"9":{"start":{"line":19,"column":20},"end":{"line":19,"column":61}},"10":{"start":{"line":21,"column":22},"end":{"line":21,"column":33}},"11":{"start":{"line":22,"column":8},"end":{"line":22,"column":141}},"12":{"start":{"line":23,"column":8},"end":{"line":23,"column":55}},"13":{"start":{"line":24,"column":8},"end":{"line":24,"column":34}},"14":{"start":{"line":25,"column":8},"end":{"line":25,"column":null}},"15":{"start":{"line":27,"column":41},"end":{"line":27,"column":61}},"16":{"start":{"line":28,"column":8},"end":{"line":28,"column":32}},"17":{"start":{"line":32,"column":8},"end":{"line":32,"column":42}},"18":{"start":{"line":33,"column":8},"end":{"line":33,"column":63}},"19":{"start":{"line":9,"column":0},"end":{"line":9,"column":21}}},"fnMap":{"0":{"name":"(anonymous_0)","decl":{"start":{"line":10,"column":4},"end":{"line":10,"column":18}},"loc":{"start":{"line":10,"column":41},"end":{"line":13,"column":5}}},"1":{"name":"(anonymous_1)","decl":{"start":{"line":15,"column":4},"end":{"line":15,"column":25}},"loc":{"start":{"line":15,"column":48},"end":{"line":34,"column":5}}}},"branchMap":{},"s":{"0":1,"1":1,"2":1,"3":1,"4":1,"5":1,"6":0,"7":0,"8":0,"9":0,"10":0,"11":0,"12":0,"13":0,"14":0,"15":0,"16":0,"17":0,"18":0,"19":1},"f":{"0":0,"1":0},"b":{}}
,"/home/robin/Bureau/root/code/eronn-pass-docker/eronn-pass-mailer/src/controller/test.view.controller.ts": {"path":"/home/robin/Bureau/root/code/eronn-pass-docker/eronn-pass-mailer/src/controller/test.view.controller.ts","statementMap":{"0":{"start":{"line":2,"column":0},"end":{"line":2,"column":54}},"1":{"start":{"line":3,"column":0},"end":{"line":3,"column":54}},"2":{"start":{"line":8,"column":8},"end":{"line":8,"column":35}},"3":{"start":{"line":9,"column":20},"end":{"line":9,"column":51}},"4":{"start":{"line":10,"column":8},"end":{"line":10,"column":123}},"5":{"start":{"line":5,"column":0},"end":{"line":5,"column":13}}},"fnMap":{"0":{"name":"(anonymous_0)","decl":{"start":{"line":7,"column":4},"end":{"line":7,"column":20}},"loc":{"start":{"line":7,"column":43},"end":{"line":11,"column":5}}}},"branchMap":{},"s":{"0":1,"1":1,"2":0,"3":0,"4":0,"5":1},"f":{"0":0},"b":{}}
,"/home/robin/Bureau/root/code/eronn-pass-docker/eronn-pass-mailer/src/models/email.ts": {"path":"/home/robin/Bureau/root/code/eronn-pass-docker/eronn-pass-mailer/src/models/email.ts","statementMap":{"0":{"start":{"line":1,"column":0},"end":{"line":1,"column":13}}},"fnMap":{},"branchMap":{},"s":{"0":1},"f":{},"b":{}}
,"/home/robin/Bureau/root/code/eronn-pass-docker/eronn-pass-mailer/src/models/response.ts": {"path":"/home/robin/Bureau/root/code/eronn-pass-docker/eronn-pass-mailer/src/models/response.ts","statementMap":{"0":{"start":{"line":6,"column":8},"end":{"line":6,"column":29}},"1":{"start":{"line":7,"column":8},"end":{"line":7,"column":31}},"2":{"start":{"line":1,"column":0},"end":{"line":1,"column":13}}},"fnMap":{"0":{"name":"(anonymous_0)","decl":{"start":{"line":5,"column":4},"end":{"line":5,"column":16}},"loc":{"start":{"line":5,"column":61},"end":{"line":8,"column":5}}}},"branchMap":{},"s":{"0":0,"1":0,"2":1},"f":{"0":0},"b":{}}
,"/home/robin/Bureau/root/code/eronn-pass-docker/eronn-pass-mailer/src/services/EmailParser.ts": {"path":"/home/robin/Bureau/root/code/eronn-pass-docker/eronn-pass-mailer/src/services/EmailParser.ts","statementMap":{"0":{"start":{"line":1,"column":0},"end":{"line":1,"column":46}},"1":{"start":{"line":2,"column":0},"end":{"line":2,"column":22}},"2":{"start":{"line":8,"column":8},"end":{"line":8,"column":70}},"3":{"start":{"line":4,"column":0},"end":{"line":4,"column":13}}},"fnMap":{"0":{"name":"(anonymous_1)","decl":{"start":{"line":6,"column":4},"end":{"line":6,"column":10}},"loc":{"start":{"line":6,"column":68},"end":{"line":9,"column":5}}}},"branchMap":{},"s":{"0":1,"1":1,"2":0,"3":1},"f":{"0":0},"b":{}}
,"/home/robin/Bureau/root/code/eronn-pass-docker/eronn-pass-mailer/src/services/MailManager.ts": {"path":"/home/robin/Bureau/root/code/eronn-pass-docker/eronn-pass-mailer/src/services/MailManager.ts","statementMap":{"0":{"start":{"line":2,"column":0},"end":{"line":2,"column":45}},"1":{"start":{"line":3,"column":0},"end":{"line":3,"column":76}},"2":{"start":{"line":12,"column":8},"end":{"line":20,"column":11}},"3":{"start":{"line":35,"column":8},"end":{"line":37,"column":null}},"4":{"start":{"line":36,"column":12},"end":{"line":36,"column":46}},"5":{"start":{"line":38,"column":8},"end":{"line":38,"column":29}},"6":{"start":{"line":43,"column":38},"end":{"line":48,"column":10}},"7":{"start":{"line":50,"column":8},"end":{"line":55,"column":null}},"8":{"start":{"line":51,"column":25},"end":{"line":51,"column":65}},"9":{"start":{"line":52,"column":12},"end":{"line":52,"column":30}},"10":{"start":{"line":6,"column":0},"end":{"line":6,"column":13}}},"fnMap":{"0":{"name":"(anonymous_7)","decl":{"start":{"line":11,"column":4},"end":{"line":11,"column":null}},"loc":{"start":{"line":11,"column":4},"end":{"line":31,"column":5}}},"1":{"name":"(anonymous_8)","decl":{"start":{"line":33,"column":11},"end":{"line":33,"column":17}},"loc":{"start":{"line":33,"column":30},"end":{"line":39,"column":5}}},"2":{"name":"(anonymous_9)","decl":{"start":{"line":41,"column":10},"end":{"line":41,"column":14}},"loc":{"start":{"line":41,"column":27},"end":{"line":56,"column":null}}}},"branchMap":{"0":{"loc":{"start":{"line":35,"column":8},"end":{"line":37,"column":null}},"type":"if","locations":[{"start":{"line":35,"column":8},"end":{"line":37,"column":null}},{"start":{"line":35,"column":8},"end":{"line":37,"column":null}}]}},"s":{"0":1,"1":1,"2":0,"3":0,"4":0,"5":0,"6":0,"7":0,"8":0,"9":0,"10":1},"f":{"0":0,"1":0,"2":0},"b":{"0":[0,0]}}
}
